<?xml version="1.0" encoding="UTF-8"?>
<!-- Generated by org.testng.reporters.JUnitReportReporter -->
<testsuite hostname="NSWSYDNLP192" failures="0" tests="1" name="com.australianopen.android.tests.AndroidPOCTest" time="132.124" errors="0" timestamp="2020-09-14T18:02:21 AEST" skipped="0">
  <testcase classname="com.australianopen.android.tests.AndroidPOCTest" name="TC001" time="132.124"/>
  <system-out/>
</testsuite> <!-- com.australianopen.android.tests.AndroidPOCTest -->
